Running: C:\Xilinx\14.7\ISE_DS\ISE\bin\nt64\unwrapped\fuse.exe -intstyle ise -incremental -o E:/final/Procesador_AMD_FULL_isim_beh.exe -prj E:/final/Procesador_AMD_FULL_beh.prj work.Procesador_AMD_FULL 
ISim P.20131013 (signature 0x7708f090)
Number of CPUs detected in this system: 4
Turning on mult-threading, number of parallel sub-compilation jobs: 8 
Determining compilation order of HDL files
Parsing VHDL file "E:/final/UC.vhd" into library work
Parsing VHDL file "E:/final/Sumador.vhd" into library work
Parsing VHDL file "E:/final/SEU.vhd" into library work
Parsing VHDL file "E:/final/RF.vhd" into library work
Parsing VHDL file "E:/final/PC.vhd" into library work
Parsing VHDL file "E:/final/NPC.vhd" into library work
Parsing VHDL file "E:/final/MUX.vhd" into library work
Parsing VHDL file "E:/final/instructionMemory.vhd" into library work
Parsing VHDL file "E:/final/ALU.vhd" into library work
Parsing VHDL file "E:/final/Procesador_AMD_FULL.vhd" into library work
Starting static elaboration
Completed static elaboration
Compiling package standard
Compiling package std_logic_1164
Compiling package std_logic_arith
Compiling package std_logic_unsigned
Compiling package textio
Compiling architecture behavioral of entity Sumador [sumador_default]
Compiling architecture behavioral of entity NPC [npc_default]
Compiling architecture behavioral of entity PC [pc_default]
Compiling architecture arqinstructionmemory of entity instructionMemory [instructionmemory_default]
Compiling architecture behavioral of entity UC [uc_default]
Compiling architecture behavioral of entity RF [rf_default]
Compiling architecture behavioral of entity MUX [mux_default]
Compiling architecture behavioral of entity SEU [seu_default]
Compiling architecture behavioral of entity ALU [alu_default]
Compiling architecture behavioral of entity procesador_amd_full
Time Resolution for simulation is 1ps.
Waiting for 1 sub-compilation(s) to finish...
Compiled 24 VHDL Units
Built simulation executable E:/final/Procesador_AMD_FULL_isim_beh.exe
Fuse Memory Usage: 33752 KB
Fuse CPU Usage: 576 ms
